<?xml version="1.0" encoding="UTF-8"?>
<!-- Generated by org.testng.reporters.JUnitReportReporter -->
<testsuite hostname="DESKTOP-UBCBUDM" name="测试一.TestHelloWorld" tests="111" failures="0" timestamp="21 Aug 2018 11:11:48 GMT" time="3.071" errors="0">
  <testcase name="test6" time="0.000" classname="测试一.TestHelloWorld"/>
  <testcase name="test6" time="0.000" classname="测试一.TestHelloWorld"/>
  <testcase name="test6" time="0.001" classname="测试一.TestHelloWorld"/>
  <testcase name="test6" time="0.000" classname="测试一.TestHelloWorld"/>
  <testcase name="test6" time="0.000" classname="测试一.TestHelloWorld"/>
  <testcase name="test6" time="0.000" classname="测试一.TestHelloWorld"/>
  <testcase name="test6" time="0.001" classname="测试一.TestHelloWorld"/>
  <testcase name="test6" time="0.000" classname="测试一.TestHelloWorld"/>
  <testcase name="loginTest" time="2.999" classname="测试一.TestHelloWorld"/>
  <testcase name="test6" time="0.000" classname="测试一.TestHelloWorld"/>
  <testcase name="test6" time="0.000" classname="测试一.TestHelloWorld"/>
  <testcase name="test6" time="0.002" classname="测试一.TestHelloWorld"/>
  <testcase name="test6" time="0.007" classname="测试一.TestHelloWorld"/>
  <testcase name="test6" time="0.000" classname="测试一.TestHelloWorld"/>
  <testcase name="test6" time="0.000" classname="测试一.TestHelloWorld"/>
  <testcase name="test6" time="0.002" classname="测试一.TestHelloWorld"/>
  <testcase name="test6" time="0.000" classname="测试一.TestHelloWorld"/>
  <testcase name="test6" time="0.000" classname="测试一.TestHelloWorld"/>
  <testcase name="test6" time="0.000" classname="测试一.TestHelloWorld"/>
  <testcase name="test6" time="0.000" classname="测试一.TestHelloWorld"/>
  <testcase name="test6" time="0.000" classname="测试一.TestHelloWorld"/>
  <testcase name="test6" time="0.001" classname="测试一.TestHelloWorld"/>
  <testcase name="testSoftAssert" time="0.000" classname="测试一.TestHelloWorld"/>
  <testcase name="test6" time="0.000" classname="测试一.TestHelloWorld"/>
  <testcase name="test6" time="0.000" classname="测试一.TestHelloWorld"/>
  <testcase name="test6" time="0.000" classname="测试一.TestHelloWorld"/>
  <testcase name="test6" time="0.000" classname="测试一.TestHelloWorld"/>
  <testcase name="test6" time="0.000" classname="测试一.TestHelloWorld"/>
  <testcase name="test6" time="0.000" classname="测试一.TestHelloWorld"/>
  <testcase name="test6" time="0.002" classname="测试一.TestHelloWorld"/>
  <testcase name="test6" time="0.000" classname="测试一.TestHelloWorld"/>
  <testcase name="test6" time="0.000" classname="测试一.TestHelloWorld"/>
  <testcase name="test6" time="0.001" classname="测试一.TestHelloWorld"/>
  <testcase name="test6" time="0.000" classname="测试一.TestHelloWorld"/>
  <testcase name="test6" time="0.003" classname="测试一.TestHelloWorld"/>
  <testcase name="test6" time="0.000" classname="测试一.TestHelloWorld"/>
  <testcase name="test6" time="0.002" classname="测试一.TestHelloWorld"/>
  <testcase name="test6" time="0.006" classname="测试一.TestHelloWorld"/>
  <testcase name="AssertTest1" time="0.000" classname="测试一.TestHelloWorld"/>
  <testcase name="test6" time="0.001" classname="测试一.TestHelloWorld"/>
  <testcase name="test6" time="0.000" classname="测试一.TestHelloWorld"/>
  <testcase name="test6" time="0.001" classname="测试一.TestHelloWorld"/>
  <testcase name="test6" time="0.000" classname="测试一.TestHelloWorld"/>
  <testcase name="test6" time="0.000" classname="测试一.TestHelloWorld"/>
  <testcase name="test" time="0.000" classname="测试一.TestHelloWorld"/>
  <testcase name="test6" time="0.006" classname="测试一.TestHelloWorld"/>
  <testcase name="test6" time="0.000" classname="测试一.TestHelloWorld"/>
  <testcase name="test6" time="0.001" classname="测试一.TestHelloWorld"/>
  <testcase name="test6" time="0.000" classname="测试一.TestHelloWorld"/>
  <testcase name="test6" time="0.000" classname="测试一.TestHelloWorld"/>
  <testcase name="test6" time="0.000" classname="测试一.TestHelloWorld"/>
  <testcase name="test6" time="0.003" classname="测试一.TestHelloWorld"/>
  <testcase name="test6" time="0.000" classname="测试一.TestHelloWorld"/>
  <testcase name="test6" time="0.000" classname="测试一.TestHelloWorld"/>
  <testcase name="test6" time="0.000" classname="测试一.TestHelloWorld"/>
  <testcase name="test6" time="0.000" classname="测试一.TestHelloWorld"/>
  <testcase name="test6" time="0.000" classname="测试一.TestHelloWorld"/>
  <testcase name="test3" time="0.001" classname="测试一.TestHelloWorld"/>
  <testcase name="test4" time="0.000" classname="测试一.TestHelloWorld"/>
  <testcase name="test6" time="0.000" classname="测试一.TestHelloWorld"/>
  <testcase name="test6" time="0.000" classname="测试一.TestHelloWorld"/>
  <testcase name="test6" time="0.000" classname="测试一.TestHelloWorld"/>
  <testcase name="test6" time="0.002" classname="测试一.TestHelloWorld"/>
  <testcase name="AssertTest2" time="0.000" classname="测试一.TestHelloWorld"/>
  <testcase name="test6" time="0.000" classname="测试一.TestHelloWorld"/>
  <testcase name="test6" time="0.005" classname="测试一.TestHelloWorld"/>
  <testcase name="test6" time="0.000" classname="测试一.TestHelloWorld"/>
  <testcase name="test1" time="0.000" classname="测试一.TestHelloWorld"/>
  <testcase name="test6" time="0.000" classname="测试一.TestHelloWorld"/>
  <testcase name="test6" time="0.000" classname="测试一.TestHelloWorld"/>
  <testcase name="test6" time="0.003" classname="测试一.TestHelloWorld"/>
  <testcase name="test6" time="0.000" classname="测试一.TestHelloWorld"/>
  <testcase name="test6" time="0.000" classname="测试一.TestHelloWorld"/>
  <testcase name="test6" time="0.001" classname="测试一.TestHelloWorld"/>
  <testcase name="test6" time="0.000" classname="测试一.TestHelloWorld"/>
  <testcase name="test6" time="0.000" classname="测试一.TestHelloWorld"/>
  <testcase name="test6" time="0.000" classname="测试一.TestHelloWorld"/>
  <testcase name="test6" time="0.000" classname="测试一.TestHelloWorld"/>
  <testcase name="test7" time="0.001" classname="测试一.TestHelloWorld"/>
  <testcase name="test5" time="0.001" classname="测试一.TestHelloWorld"/>
  <testcase name="test6" time="0.000" classname="测试一.TestHelloWorld"/>
  <testcase name="test6" time="0.000" classname="测试一.TestHelloWorld"/>
  <testcase name="test6" time="0.000" classname="测试一.TestHelloWorld"/>
  <testcase name="test6" time="0.000" classname="测试一.TestHelloWorld"/>
  <testcase name="test6" time="0.000" classname="测试一.TestHelloWorld"/>
  <testcase name="test6" time="0.000" classname="测试一.TestHelloWorld"/>
  <testcase name="test6" time="0.000" classname="测试一.TestHelloWorld"/>
  <testcase name="test6" time="0.000" classname="测试一.TestHelloWorld"/>
  <testcase name="test1" time="0.000" classname="测试一.TestHelloWorld"/>
  <testcase name="test6" time="0.000" classname="测试一.TestHelloWorld"/>
  <testcase name="test6" time="0.000" classname="测试一.TestHelloWorld"/>
  <testcase name="test6" time="0.000" classname="测试一.TestHelloWorld"/>
  <testcase name="test6" time="0.000" classname="测试一.TestHelloWorld"/>
  <testcase name="test6" time="0.005" classname="测试一.TestHelloWorld"/>
  <testcase name="test6" time="0.002" classname="测试一.TestHelloWorld"/>
  <testcase name="test6" time="0.010" classname="测试一.TestHelloWorld"/>
  <testcase name="test6" time="0.000" classname="测试一.TestHelloWorld"/>
  <testcase name="test6" time="0.000" classname="测试一.TestHelloWorld"/>
  <testcase name="test6" time="0.000" classname="测试一.TestHelloWorld"/>
  <testcase name="test6" time="0.000" classname="测试一.TestHelloWorld"/>
  <testcase name="test6" time="0.000" classname="测试一.TestHelloWorld"/>
  <testcase name="test6" time="0.000" classname="测试一.TestHelloWorld"/>
  <testcase name="test6" time="0.000" classname="测试一.TestHelloWorld"/>
  <testcase name="test6" time="0.000" classname="测试一.TestHelloWorld"/>
  <testcase name="test6" time="0.000" classname="测试一.TestHelloWorld"/>
  <testcase name="test6" time="0.000" classname="测试一.TestHelloWorld"/>
  <testcase name="test6" time="0.000" classname="测试一.TestHelloWorld"/>
  <testcase name="test6" time="0.001" classname="测试一.TestHelloWorld"/>
  <testcase name="test6" time="0.000" classname="测试一.TestHelloWorld"/>
  <testcase name="test6" time="0.000" classname="测试一.TestHelloWorld"/>
  <testcase name="test6" time="0.000" classname="测试一.TestHelloWorld"/>
</testsuite> <!-- 测试一.TestHelloWorld -->
