<?xml version="1.0" encoding="UTF-8"?>
<!-- Generated by org.testng.reporters.JUnitReportReporter -->
<testsuite hostname="DESKTOP-UBCBUDM" name="dependsOnMethods.TestDependenceDemo3" tests="4" failures="0" timestamp="21 Aug 2018 10:54:19 GMT" time="0.000" errors="0">
  <testcase name="shutDownApp" time="0.000" classname="dependsOnMethods.TestDependenceDemo3"/>
  <testcase name="startAppServer" time="0.000" classname="dependsOnMethods.TestDependenceDemo3"/>
  <testcase name="restartTomcatService" time="0.000" classname="dependsOnMethods.TestDependenceDemo3"/>
  <testcase name="tomcatServiceIsDown" time="0.000" classname="dependsOnMethods.TestDependenceDemo3"/>
</testsuite> <!-- dependsOnMethods.TestDependenceDemo3 -->
