<?xml version="1.0" encoding="UTF-8"?>
<!-- Generated by org.testng.reporters.JUnitReportReporter -->
<testsuite hostname="DESKTOP-UBCBUDM" name="测试一.TestGroupsDemo" tests="3" failures="0" timestamp="21 Aug 2018 11:11:48 GMT" time="0.000" errors="0">
  <testcase name="test02" time="0.000" classname="测试一.TestGroupsDemo"/>
  <testcase name="test03" time="0.000" classname="测试一.TestGroupsDemo"/>
  <testcase name="test01" time="0.000" classname="测试一.TestGroupsDemo"/>
</testsuite> <!-- 测试一.TestGroupsDemo -->
