<?xml version="1.0" encoding="UTF-8"?>
<!-- Generated by org.testng.reporters.JUnitReportReporter -->
<testsuite hostname="DESKTOP-UBCBUDM" name="dependsOnMethods.TestDependenceDemo2" tests="3" failures="0" timestamp="21 Aug 2018 11:11:48 GMT" time="0.000" errors="0">
  <testcase name="startAppServer" time="0.000" classname="dependsOnMethods.TestDependenceDemo2"/>
  <testcase name="tomcatServiceIsDown" time="0.000" classname="dependsOnMethods.TestDependenceDemo2"/>
  <testcase name="restartTomcatService" time="0.000" classname="dependsOnMethods.TestDependenceDemo2"/>
</testsuite> <!-- dependsOnMethods.TestDependenceDemo2 -->
